<?xml version="1.0" encoding="UTF-8"?>
<coverage generated="1655104001100" clover="3.2.0">
  <project timestamp="1655104001100" name="All files">
    <metrics statements="202" coveredstatements="168" conditionals="51" coveredconditionals="31" methods="54" coveredmethods="48" elements="307" coveredelements="247" complexity="0" loc="202" ncloc="202" packages="18" files="29" classes="29">
      <package name="src">
        <metrics statements="20" coveredstatements="3" conditionals="6" coveredconditionals="0" methods="5" coveredmethods="2"/>
        <file name="App.js" path="C:\Users\jagdish10668\reactproject\newipf\src\App.js">
          <metrics statements="1" coveredstatements="1" conditionals="0" coveredconditionals="0" methods="1" coveredmethods="1"/>
          <line num="11" count="1" type="stmt"/>
        </file>
        <file name="PublicRoutes.js" path="C:\Users\jagdish10668\reactproject\newipf\src\PublicRoutes.js">
          <metrics statements="2" coveredstatements="2" conditionals="0" coveredconditionals="0" methods="1" coveredmethods="1"/>
          <line num="11" count="1" type="stmt"/>
          <line num="12" count="1" type="stmt"/>
        </file>
        <file name="index.js" path="C:\Users\jagdish10668\reactproject\newipf\src\index.js">
          <metrics statements="9" coveredstatements="0" conditionals="2" coveredconditionals="0" methods="0" coveredmethods="0"/>
          <line num="1" count="0" type="stmt"/>
          <line num="2" count="0" type="stmt"/>
          <line num="3" count="0" type="stmt"/>
          <line num="4" count="0" type="stmt"/>
          <line num="5" count="0" type="stmt"/>
          <line num="6" count="0" type="stmt"/>
          <line num="8" count="0" type="cond" truecount="0" falsecount="2"/>
          <line num="9" count="0" type="stmt"/>
          <line num="19" count="0" type="stmt"/>
        </file>
        <file name="reportWebVitals.js" path="C:\Users\jagdish10668\reactproject\newipf\src\reportWebVitals.js">
          <metrics statements="8" coveredstatements="0" conditionals="4" coveredconditionals="0" methods="3" coveredmethods="0"/>
          <line num="1" count="0" type="stmt"/>
          <line num="2" count="0" type="cond" truecount="0" falsecount="4"/>
          <line num="3" count="0" type="stmt"/>
          <line num="4" count="0" type="stmt"/>
          <line num="5" count="0" type="stmt"/>
          <line num="6" count="0" type="stmt"/>
          <line num="7" count="0" type="stmt"/>
          <line num="8" count="0" type="stmt"/>
        </file>
        <file name="setupTests.js" path="C:\Users\jagdish10668\reactproject\newipf\src\setupTests.js">
          <metrics statements="0" coveredstatements="0" conditionals="0" coveredconditionals="0" methods="0" coveredmethods="0"/>
        </file>
      </package>
      <package name="src.HOC">
        <metrics statements="21" coveredstatements="6" conditionals="6" coveredconditionals="0" methods="5" coveredmethods="3"/>
        <file name="CheckRequests.js" path="C:\Users\jagdish10668\reactproject\newipf\src\HOC\CheckRequests.js">
          <metrics statements="21" coveredstatements="6" conditionals="6" coveredconditionals="0" methods="5" coveredmethods="3"/>
          <line num="6" count="1" type="stmt"/>
          <line num="10" count="1" type="stmt"/>
          <line num="11" count="1" type="stmt"/>
          <line num="12" count="1" type="stmt"/>
          <line num="13" count="0" type="stmt"/>
          <line num="15" count="0" type="stmt"/>
          <line num="16" count="0" type="cond" truecount="0" falsecount="6"/>
          <line num="18" count="0" type="stmt"/>
          <line num="19" count="0" type="stmt"/>
          <line num="21" count="0" type="stmt"/>
          <line num="22" count="0" type="stmt"/>
          <line num="24" count="0" type="stmt"/>
          <line num="25" count="0" type="stmt"/>
          <line num="27" count="0" type="stmt"/>
          <line num="28" count="0" type="stmt"/>
          <line num="30" count="0" type="stmt"/>
          <line num="31" count="0" type="stmt"/>
          <line num="33" count="0" type="stmt"/>
          <line num="37" count="0" type="stmt"/>
          <line num="41" count="1" type="stmt"/>
          <line num="45" count="1" type="stmt"/>
        </file>
      </package>
      <package name="src.components.AddInput">
        <metrics statements="2" coveredstatements="2" conditionals="0" coveredconditionals="0" methods="1" coveredmethods="1"/>
        <file name="AddInput.js" path="C:\Users\jagdish10668\reactproject\newipf\src\components\AddInput\AddInput.js">
          <metrics statements="2" coveredstatements="2" conditionals="0" coveredconditionals="0" methods="1" coveredmethods="1"/>
          <line num="6" count="1" type="stmt"/>
          <line num="7" count="1" type="stmt"/>
        </file>
      </package>
      <package name="src.components.Autocomplete">
        <metrics statements="35" coveredstatements="35" conditionals="14" coveredconditionals="12" methods="6" coveredmethods="6"/>
        <file name="Autocomplete.js" path="C:\Users\jagdish10668\reactproject\newipf\src\components\Autocomplete\Autocomplete.js">
          <metrics statements="35" coveredstatements="35" conditionals="14" coveredconditionals="12" methods="6" coveredmethods="6"/>
          <line num="7" count="2" type="stmt"/>
          <line num="8" count="12" type="stmt"/>
          <line num="9" count="11" type="stmt"/>
          <line num="10" count="11" type="stmt"/>
          <line num="11" count="11" type="stmt"/>
          <line num="12" count="11" type="stmt"/>
          <line num="13" count="11" type="stmt"/>
          <line num="15" count="18" type="stmt"/>
          <line num="21" count="11" type="stmt"/>
          <line num="23" count="4" type="cond" truecount="1" falsecount="1"/>
          <line num="25" count="4" type="stmt"/>
          <line num="26" count="4" type="stmt"/>
          <line num="31" count="11" type="stmt"/>
          <line num="32" count="1" type="stmt"/>
          <line num="33" count="1" type="cond" truecount="1" falsecount="1"/>
          <line num="34" count="1" type="stmt"/>
          <line num="35" count="1" type="stmt"/>
          <line num="36" count="1" type="stmt"/>
          <line num="37" count="1" type="stmt"/>
          <line num="40" count="1" type="stmt"/>
          <line num="43" count="11" type="stmt"/>
          <line num="44" count="1" type="stmt"/>
          <line num="45" count="1" type="stmt"/>
          <line num="46" count="1" type="stmt"/>
          <line num="47" count="1" type="stmt"/>
          <line num="48" count="1" type="stmt"/>
          <line num="49" count="1" type="stmt"/>
          <line num="55" count="11" type="cond" truecount="4" falsecount="0"/>
          <line num="56" count="3" type="cond" truecount="4" falsecount="0"/>
          <line num="57" count="1" type="stmt"/>
          <line num="63" count="100" type="cond" truecount="2" falsecount="0"/>
          <line num="64" count="1" type="stmt"/>
          <line num="67" count="100" type="stmt"/>
          <line num="76" count="2" type="stmt"/>
          <line num="85" count="11" type="stmt"/>
        </file>
      </package>
      <package name="src.components.Banner">
        <metrics statements="1" coveredstatements="1" conditionals="0" coveredconditionals="0" methods="1" coveredmethods="1"/>
        <file name="Banner.js" path="C:\Users\jagdish10668\reactproject\newipf\src\components\Banner\Banner.js">
          <metrics statements="1" coveredstatements="1" conditionals="0" coveredconditionals="0" methods="1" coveredmethods="1"/>
          <line num="5" count="1" type="stmt"/>
        </file>
      </package>
      <package name="src.components.Header">
        <metrics statements="3" coveredstatements="3" conditionals="0" coveredconditionals="0" methods="1" coveredmethods="1"/>
        <file name="Header.js" path="C:\Users\jagdish10668\reactproject\newipf\src\components\Header\Header.js">
          <metrics statements="3" coveredstatements="3" conditionals="0" coveredconditionals="0" methods="1" coveredmethods="1"/>
          <line num="5" count="3" type="stmt"/>
          <line num="8" count="3" type="stmt"/>
          <line num="15" count="3" type="stmt"/>
        </file>
      </package>
      <package name="src.components.MapDiv">
        <metrics statements="7" coveredstatements="7" conditionals="0" coveredconditionals="0" methods="2" coveredmethods="2"/>
        <file name="MapDiv.js" path="C:\Users\jagdish10668\reactproject\newipf\src\components\MapDiv\MapDiv.js">
          <metrics statements="7" coveredstatements="7" conditionals="0" coveredconditionals="0" methods="2" coveredmethods="2"/>
          <line num="4" count="2" type="stmt"/>
          <line num="6" count="2" type="stmt"/>
          <line num="7" count="2" type="stmt"/>
          <line num="8" count="2" type="stmt"/>
          <line num="9" count="1" type="stmt"/>
          <line num="10" count="1" type="stmt"/>
          <line num="12" count="2" type="stmt"/>
        </file>
      </package>
      <package name="src.components.Postcodes">
        <metrics statements="2" coveredstatements="2" conditionals="0" coveredconditionals="0" methods="1" coveredmethods="1"/>
        <file name="Postcodes.js" path="C:\Users\jagdish10668\reactproject\newipf\src\components\Postcodes\Postcodes.js">
          <metrics statements="2" coveredstatements="2" conditionals="0" coveredconditionals="0" methods="1" coveredmethods="1"/>
          <line num="9" count="1" type="stmt"/>
          <line num="11" count="1" type="stmt"/>
        </file>
      </package>
      <package name="src.components.PostcodesDetails">
        <metrics statements="17" coveredstatements="16" conditionals="6" coveredconditionals="3" methods="4" coveredmethods="4"/>
        <file name="PostcodesDetails.js" path="C:\Users\jagdish10668\reactproject\newipf\src\components\PostcodesDetails\PostcodesDetails.js">
          <metrics statements="17" coveredstatements="16" conditionals="6" coveredconditionals="3" methods="4" coveredmethods="4"/>
          <line num="10" count="1" type="stmt"/>
          <line num="11" count="2" type="stmt"/>
          <line num="12" count="2" type="stmt"/>
          <line num="18" count="2" type="stmt"/>
          <line num="19" count="4" type="cond" truecount="1" falsecount="1"/>
          <line num="20" count="0" type="stmt"/>
          <line num="21" count="4" type="stmt"/>
          <line num="24" count="2" type="stmt"/>
          <line num="25" count="2" type="stmt"/>
          <line num="26" count="2" type="stmt"/>
          <line num="27" count="2" type="stmt"/>
          <line num="28" count="2" type="stmt"/>
          <line num="29" count="2" type="stmt"/>
          <line num="31" count="2" type="stmt"/>
          <line num="33" count="2" type="stmt"/>
          <line num="35" count="1" type="stmt"/>
          <line num="40" count="2" type="stmt"/>
        </file>
      </package>
      <package name="src.config">
        <metrics statements="1" coveredstatements="1" conditionals="0" coveredconditionals="0" methods="0" coveredmethods="0"/>
        <file name="config.js" path="C:\Users\jagdish10668\reactproject\newipf\src\config\config.js">
          <metrics statements="1" coveredstatements="1" conditionals="0" coveredconditionals="0" methods="0" coveredmethods="0"/>
          <line num="1" count="3" type="stmt"/>
        </file>
      </package>
      <package name="src.pages.ErrorPage">
        <metrics statements="4" coveredstatements="4" conditionals="0" coveredconditionals="0" methods="1" coveredmethods="1"/>
        <file name="ErrorPage.js" path="C:\Users\jagdish10668\reactproject\newipf\src\pages\ErrorPage\ErrorPage.js">
          <metrics statements="4" coveredstatements="4" conditionals="0" coveredconditionals="0" methods="1" coveredmethods="1"/>
          <line num="12" count="1" type="stmt"/>
          <line num="13" count="1" type="stmt"/>
          <line num="14" count="1" type="stmt"/>
          <line num="15" count="1" type="stmt"/>
        </file>
      </package>
      <package name="src.pages.PageNotFoundPage">
        <metrics statements="5" coveredstatements="5" conditionals="0" coveredconditionals="0" methods="1" coveredmethods="1"/>
        <file name="PageNotFoundPage.js" path="C:\Users\jagdish10668\reactproject\newipf\src\pages\PageNotFoundPage\PageNotFoundPage.js">
          <metrics statements="5" coveredstatements="5" conditionals="0" coveredconditionals="0" methods="1" coveredmethods="1"/>
          <line num="9" count="2" type="stmt"/>
          <line num="10" count="1" type="stmt"/>
          <line num="11" count="1" type="stmt"/>
          <line num="12" count="1" type="stmt"/>
          <line num="13" count="1" type="stmt"/>
        </file>
      </package>
      <package name="src.pages.PostcodesPage">
        <metrics statements="1" coveredstatements="1" conditionals="0" coveredconditionals="0" methods="1" coveredmethods="1"/>
        <file name="PostcodesPage.js" path="C:\Users\jagdish10668\reactproject\newipf\src\pages\PostcodesPage\PostcodesPage.js">
          <metrics statements="1" coveredstatements="1" conditionals="0" coveredconditionals="0" methods="1" coveredmethods="1"/>
          <line num="6" count="1" type="stmt"/>
        </file>
      </package>
      <package name="src.store">
        <metrics statements="3" coveredstatements="3" conditionals="4" coveredconditionals="3" methods="0" coveredmethods="0"/>
        <file name="index.js" path="C:\Users\jagdish10668\reactproject\newipf\src\store\index.js">
          <metrics statements="0" coveredstatements="0" conditionals="0" coveredconditionals="0" methods="0" coveredmethods="0"/>
        </file>
        <file name="store.js" path="C:\Users\jagdish10668\reactproject\newipf\src\store\store.js">
          <metrics statements="3" coveredstatements="3" conditionals="4" coveredconditionals="3" methods="0" coveredmethods="0"/>
          <line num="6" count="3" type="cond" truecount="3" falsecount="1"/>
          <line num="14" count="3" type="stmt"/>
          <line num="18" count="3" type="stmt"/>
        </file>
      </package>
      <package name="src.store.actions">
        <metrics statements="45" coveredstatements="45" conditionals="4" coveredconditionals="2" methods="17" coveredmethods="17"/>
        <file name="action-type.js" path="C:\Users\jagdish10668\reactproject\newipf\src\store\actions\action-type.js">
          <metrics statements="7" coveredstatements="7" conditionals="0" coveredconditionals="0" methods="0" coveredmethods="0"/>
          <line num="1" count="7" type="stmt"/>
          <line num="2" count="7" type="stmt"/>
          <line num="3" count="7" type="stmt"/>
          <line num="4" count="7" type="stmt"/>
          <line num="5" count="7" type="stmt"/>
          <line num="6" count="7" type="stmt"/>
          <line num="7" count="7" type="stmt"/>
        </file>
        <file name="dashboard-actions.js" path="C:\Users\jagdish10668\reactproject\newipf\src\store\actions\dashboard-actions.js">
          <metrics statements="6" coveredstatements="6" conditionals="0" coveredconditionals="0" methods="3" coveredmethods="3"/>
          <line num="3" count="3" type="stmt"/>
          <line num="4" count="4" type="stmt"/>
          <line num="5" count="4" type="stmt"/>
          <line num="8" count="3" type="stmt"/>
          <line num="9" count="3" type="stmt"/>
          <line num="10" count="3" type="stmt"/>
        </file>
        <file name="index.js" path="C:\Users\jagdish10668\reactproject\newipf\src\store\actions\index.js">
          <metrics statements="0" coveredstatements="0" conditionals="0" coveredconditionals="0" methods="0" coveredmethods="0"/>
        </file>
        <file name="postcodes-actions.js" path="C:\Users\jagdish10668\reactproject\newipf\src\store\actions\postcodes-actions.js">
          <metrics statements="32" coveredstatements="32" conditionals="4" coveredconditionals="2" methods="14" coveredmethods="14"/>
          <line num="12" count="3" type="stmt"/>
          <line num="14" count="3" type="stmt"/>
          <line num="15" count="3" type="stmt"/>
          <line num="16" count="3" type="stmt"/>
          <line num="17" count="3" type="cond" truecount="1" falsecount="1"/>
          <line num="18" count="3" type="stmt"/>
          <line num="21" count="3" type="stmt"/>
          <line num="23" count="3" type="stmt"/>
          <line num="26" count="3" type="stmt"/>
          <line num="30" count="1" type="stmt"/>
          <line num="37" count="3" type="stmt"/>
          <line num="38" count="3" type="stmt"/>
          <line num="43" count="3" type="stmt"/>
          <line num="44" count="3" type="stmt"/>
          <line num="50" count="3" type="stmt"/>
          <line num="51" count="1" type="stmt"/>
          <line num="58" count="3" type="stmt"/>
          <line num="60" count="3" type="stmt"/>
          <line num="61" count="3" type="stmt"/>
          <line num="62" count="3" type="stmt"/>
          <line num="63" count="3" type="cond" truecount="1" falsecount="1"/>
          <line num="64" count="3" type="stmt"/>
          <line num="67" count="3" type="stmt"/>
          <line num="69" count="3" type="stmt"/>
          <line num="72" count="3" type="stmt"/>
          <line num="75" count="1" type="stmt"/>
          <line num="82" count="3" type="stmt"/>
          <line num="83" count="3" type="stmt"/>
          <line num="88" count="3" type="stmt"/>
          <line num="89" count="3" type="stmt"/>
          <line num="95" count="3" type="stmt"/>
          <line num="96" count="1" type="stmt"/>
        </file>
      </package>
      <package name="src.store.reducers">
        <metrics statements="15" coveredstatements="15" conditionals="11" coveredconditionals="11" methods="2" coveredmethods="2"/>
        <file name="dashboard-reducer.js" path="C:\Users\jagdish10668\reactproject\newipf\src\store\reducers\dashboard-reducer.js">
          <metrics statements="5" coveredstatements="5" conditionals="3" coveredconditionals="3" methods="1" coveredmethods="1"/>
          <line num="3" count="4" type="stmt"/>
          <line num="7" count="4" type="cond" truecount="1" falsecount="0"/>
          <line num="8" count="16" type="cond" truecount="2" falsecount="0"/>
          <line num="10" count="3" type="stmt"/>
          <line num="15" count="13" type="stmt"/>
        </file>
        <file name="index.js" path="C:\Users\jagdish10668\reactproject\newipf\src\store\reducers\index.js">
          <metrics statements="0" coveredstatements="0" conditionals="0" coveredconditionals="0" methods="0" coveredmethods="0"/>
        </file>
        <file name="postCodes-reducer.js" path="C:\Users\jagdish10668\reactproject\newipf\src\store\reducers\postCodes-reducer.js">
          <metrics statements="10" coveredstatements="10" conditionals="8" coveredconditionals="8" methods="1" coveredmethods="1"/>
          <line num="10" count="4" type="stmt"/>
          <line num="17" count="4" type="cond" truecount="1" falsecount="0"/>
          <line num="18" count="21" type="cond" truecount="7" falsecount="0"/>
          <line num="20" count="2" type="stmt"/>
          <line num="26" count="2" type="stmt"/>
          <line num="33" count="1" type="stmt"/>
          <line num="40" count="2" type="stmt"/>
          <line num="46" count="2" type="stmt"/>
          <line num="53" count="1" type="stmt"/>
          <line num="60" count="11" type="stmt"/>
        </file>
      </package>
      <package name="src.store.services">
        <metrics statements="7" coveredstatements="6" conditionals="0" coveredconditionals="0" methods="4" coveredmethods="3"/>
        <file name="index.js" path="C:\Users\jagdish10668\reactproject\newipf\src\store\services\index.js">
          <metrics statements="0" coveredstatements="0" conditionals="0" coveredconditionals="0" methods="0" coveredmethods="0"/>
        </file>
        <file name="ipf-Service.js" path="C:\Users\jagdish10668\reactproject\newipf\src\store\services\ipf-Service.js">
          <metrics statements="7" coveredstatements="6" conditionals="0" coveredconditionals="0" methods="4" coveredmethods="3"/>
          <line num="3" count="3" type="stmt"/>
          <line num="8" count="6" type="stmt"/>
          <line num="11" count="6" type="stmt"/>
          <line num="13" count="0" type="stmt"/>
          <line num="18" count="6" type="stmt"/>
          <line num="19" count="6" type="stmt"/>
          <line num="22" count="6" type="stmt"/>
        </file>
      </package>
      <package name="src.utils">
        <metrics statements="13" coveredstatements="13" conditionals="0" coveredconditionals="0" methods="2" coveredmethods="2"/>
        <file name="Utils.js" path="C:\Users\jagdish10668\reactproject\newipf\src\utils\Utils.js">
          <metrics statements="13" coveredstatements="13" conditionals="0" coveredconditionals="0" methods="2" coveredmethods="2"/>
          <line num="1" count="1" type="stmt"/>
          <line num="3" count="2" type="stmt"/>
          <line num="5" count="2" type="stmt"/>
          <line num="11" count="2" type="stmt"/>
          <line num="15" count="1" type="stmt"/>
          <line num="16" count="2" type="stmt"/>
          <line num="17" count="2" type="stmt"/>
          <line num="18" count="2" type="stmt"/>
          <line num="19" count="2" type="stmt"/>
          <line num="20" count="2" type="stmt"/>
          <line num="23" count="2" type="stmt"/>
          <line num="25" count="2" type="stmt"/>
          <line num="28" count="2" type="stmt"/>
        </file>
      </package>
    </metrics>
  </project>
</coverage>
