{"C:\\Users\\jagdish10668\\reactproject\\newipf\\src\\App.js": {"path":"C:\\Users\\jagdish10668\\reactproject\\newipf\\src\\App.js","statementMap":{"0":{"start":{"line":11,"column":2},"end":{"line":20,"column":4}}},"fnMap":{"0":{"name":"App","decl":{"start":{"line":10,"column":9},"end":{"line":10,"column":12}},"loc":{"start":{"line":10,"column":15},"end":{"line":21,"column":1}},"line":10}},"branchMap":{},"s":{"0":1},"f":{"0":1},"b":{},"_coverageSchema":"332fd63041d2c1bcb487cc26dd0d5f7d97098a6c","hash":"fd6a4a479e88f04dd34687deabc72c00bd9d3901"}
,"C:\\Users\\jagdish10668\\reactproject\\newipf\\src\\PublicRoutes.js": {"path":"C:\\Users\\jagdish10668\\reactproject\\newipf\\src\\PublicRoutes.js","statementMap":{"0":{"start":{"line":11,"column":21},"end":{"line":17,"column":1}},"1":{"start":{"line":12,"column":4},"end":{"line":16,"column":13}}},"fnMap":{"0":{"name":"(anonymous_0)","decl":{"start":{"line":11,"column":21},"end":{"line":11,"column":22}},"loc":{"start":{"line":12,"column":4},"end":{"line":16,"column":13}},"line":12}},"branchMap":{},"s":{"0":1,"1":1},"f":{"0":1},"b":{},"_coverageSchema":"332fd63041d2c1bcb487cc26dd0d5f7d97098a6c","hash":"3f937a43d58bce2e3f9683c11662f2d77d7bb16b"}
,"C:\\Users\\jagdish10668\\reactproject\\newipf\\src\\index.js": {"path":"C:\\Users\\jagdish10668\\reactproject\\newipf\\src\\index.js","statementMap":{"0":{"start":{"line":1,"column":0},"end":{"line":null,"column":-1}},"1":{"start":{"line":2,"column":0},"end":{"line":null,"column":-1}},"2":{"start":{"line":3,"column":0},"end":{"line":null,"column":-1}},"3":{"start":{"line":4,"column":0},"end":{"line":null,"column":-1}},"4":{"start":{"line":5,"column":0},"end":{"line":null,"column":-1}},"5":{"start":{"line":6,"column":0},"end":{"line":null,"column":-1}},"6":{"start":{"line":8,"column":18},"end":{"line":8,"column":0}},"7":{"start":{"line":9,"column":13},"end":{"line":9,"column":0}},"8":{"start":{"line":19,"column":0},"end":{"line":null,"column":-1}}},"fnMap":{},"branchMap":{"0":{"loc":{"start":{"line":8,"column":18},"end":{"line":8,"column":52}},"type":"binary-expr","locations":[{"start":{"line":8,"column":18},"end":{"line":8,"column":52}},{"start":{"line":8,"column":53},"end":{"line":8,"column":0}}]}},"s":{"0":0,"1":0,"2":0,"3":0,"4":0,"5":0,"6":0,"7":0,"8":0},"f":{},"b":{"0":[0,0]}}
,"C:\\Users\\jagdish10668\\reactproject\\newipf\\src\\reportWebVitals.js": {"path":"C:\\Users\\jagdish10668\\reactproject\\newipf\\src\\reportWebVitals.js","statementMap":{"0":{"start":{"line":1,"column":24},"end":{"line":1,"column":0}},"1":{"start":{"line":2,"column":2},"end":{"line":10,"column":3}},"2":{"start":{"line":3,"column":4},"end":{"line":null,"column":-1}},"3":{"start":{"line":3,"column":4},"end":{"line":3,"column":24}},"4":{"start":{"line":4,"column":6},"end":{"line":null,"column":-1}},"5":{"start":{"line":5,"column":6},"end":{"line":null,"column":-1}},"6":{"start":{"line":6,"column":6},"end":{"line":null,"column":-1}},"7":{"start":{"line":7,"column":6},"end":{"line":null,"column":-1}},"8":{"start":{"line":8,"column":6},"end":{"line":null,"column":-1}}},"fnMap":{"0":{"name":"(anonymous_3)","decl":{"start":{"line":1,"column":24},"end":{"line":1,"column":34}},"loc":{"start":{"line":1,"column":39},"end":{"line":1,"column":0}}},"1":{"name":"(anonymous_4)","decl":{"start":{"line":3,"column":4},"end":{"line":3,"column":10}},"loc":{"start":{"line":3,"column":4},"end":{"line":3,"column":24}}},"2":{"name":"(anonymous_5)","decl":{"start":{"line":3,"column":30},"end":{"line":3,"column":31}},"loc":{"start":{"line":3,"column":79},"end":{"line":3,"column":4}}}},"branchMap":{"0":{"loc":{"start":{"line":2,"column":2},"end":{"line":10,"column":3}},"type":"if","locations":[{"start":{"line":2,"column":2},"end":{"line":10,"column":3}},{"start":{"line":2,"column":2},"end":{"line":10,"column":3}}]},"1":{"loc":{"start":{"line":2,"column":6},"end":{"line":2,"column":17}},"type":"binary-expr","locations":[{"start":{"line":2,"column":6},"end":{"line":2,"column":17}},{"start":{"line":2,"column":21},"end":{"line":2,"column":2}}]}},"s":{"0":0,"1":0,"2":0,"3":0,"4":0,"5":0,"6":0,"7":0,"8":0},"f":{"0":0,"1":0,"2":0},"b":{"0":[0,0],"1":[0,0]}}
,"C:\\Users\\jagdish10668\\reactproject\\newipf\\src\\setupTests.js": {"path":"C:\\Users\\jagdish10668\\reactproject\\newipf\\src\\setupTests.js","statementMap":{},"fnMap":{},"branchMap":{},"s":{},"f":{},"b":{},"_coverageSchema":"332fd63041d2c1bcb487cc26dd0d5f7d97098a6c","hash":"24e85aafae7f70c4c498bc4eaf24db25bcdc1fd7"}
,"C:\\Users\\jagdish10668\\reactproject\\newipf\\src\\HOC\\CheckRequests.js": {"path":"C:\\Users\\jagdish10668\\reactproject\\newipf\\src\\HOC\\CheckRequests.js","statementMap":{"0":{"start":{"line":6,"column":21},"end":{"line":46,"column":1}},"1":{"start":{"line":10,"column":25},"end":{"line":10,"column":38}},"2":{"start":{"line":11,"column":8},"end":{"line":39,"column":10}},"3":{"start":{"line":12,"column":12},"end":{"line":38,"column":15}},"4":{"start":{"line":13,"column":16},"end":{"line":13,"column":32}},"5":{"start":{"line":15,"column":16},"end":{"line":15,"column":35}},"6":{"start":{"line":16,"column":24},"end":{"line":34,"column":25}},"7":{"start":{"line":18,"column":32},"end":{"line":18,"column":56}},"8":{"start":{"line":19,"column":32},"end":{"line":19,"column":37}},"9":{"start":{"line":21,"column":33},"end":{"line":21,"column":57}},"10":{"start":{"line":22,"column":28},"end":{"line":22,"column":33}},"11":{"start":{"line":24,"column":32},"end":{"line":24,"column":56}},"12":{"start":{"line":25,"column":28},"end":{"line":25,"column":33}},"13":{"start":{"line":27,"column":32},"end":{"line":27,"column":56}},"14":{"start":{"line":28,"column":28},"end":{"line":28,"column":33}},"15":{"start":{"line":30,"column":32},"end":{"line":30,"column":56}},"16":{"start":{"line":31,"column":32},"end":{"line":31,"column":37}},"17":{"start":{"line":33,"column":32},"end":{"line":33,"column":37}},"18":{"start":{"line":37,"column":16},"end":{"line":37,"column":45}},"19":{"start":{"line":41,"column":8},"end":{"line":43,"column":9}},"20":{"start":{"line":45,"column":4},"end":{"line":45,"column":24}}},"fnMap":{"0":{"name":"(anonymous_0)","decl":{"start":{"line":6,"column":21},"end":{"line":6,"column":22}},"loc":{"start":{"line":6,"column":32},"end":{"line":46,"column":1}},"line":6},"1":{"name":"CheckRequests","decl":{"start":{"line":8,"column":13},"end":{"line":8,"column":26}},"loc":{"start":{"line":8,"column":34},"end":{"line":44,"column":5}},"line":8},"2":{"name":"(anonymous_2)","decl":{"start":{"line":11,"column":18},"end":{"line":11,"column":19}},"loc":{"start":{"line":11,"column":22},"end":{"line":39,"column":9}},"line":11},"3":{"name":"(anonymous_3)","decl":{"start":{"line":12,"column":44},"end":{"line":12,"column":45}},"loc":{"start":{"line":12,"column":64},"end":{"line":14,"column":13}},"line":12},"4":{"name":"(anonymous_4)","decl":{"start":{"line":14,"column":15},"end":{"line":14,"column":16}},"loc":{"start":{"line":14,"column":32},"end":{"line":38,"column":13}},"line":14}},"branchMap":{"0":{"loc":{"start":{"line":16,"column":24},"end":{"line":34,"column":25}},"type":"switch","locations":[{"start":{"line":17,"column":28},"end":{"line":19,"column":37}},{"start":{"line":20,"column":28},"end":{"line":22,"column":33}},{"start":{"line":23,"column":28},"end":{"line":25,"column":33}},{"start":{"line":26,"column":28},"end":{"line":28,"column":33}},{"start":{"line":29,"column":28},"end":{"line":31,"column":37}},{"start":{"line":32,"column":28},"end":{"line":33,"column":37}}],"line":16}},"s":{"0":1,"1":1,"2":1,"3":1,"4":0,"5":0,"6":0,"7":0,"8":0,"9":0,"10":0,"11":0,"12":0,"13":0,"14":0,"15":0,"16":0,"17":0,"18":0,"19":1,"20":1},"f":{"0":1,"1":1,"2":1,"3":0,"4":0},"b":{"0":[0,0,0,0,0,0]},"_coverageSchema":"332fd63041d2c1bcb487cc26dd0d5f7d97098a6c","hash":"3f155226fd7c31e92654da1472d503c326174315"}
,"C:\\Users\\jagdish10668\\reactproject\\newipf\\src\\components\\AddInput\\AddInput.js": {"path":"C:\\Users\\jagdish10668\\reactproject\\newipf\\src\\components\\AddInput\\AddInput.js","statementMap":{"0":{"start":{"line":6,"column":23},"end":{"line":12,"column":1}},"1":{"start":{"line":7,"column":4},"end":{"line":11,"column":5}}},"fnMap":{"0":{"name":"(anonymous_0)","decl":{"start":{"line":6,"column":23},"end":{"line":6,"column":24}},"loc":{"start":{"line":6,"column":29},"end":{"line":12,"column":1}},"line":6}},"branchMap":{},"s":{"0":1,"1":1},"f":{"0":1},"b":{},"_coverageSchema":"332fd63041d2c1bcb487cc26dd0d5f7d97098a6c","hash":"a9439f4376a885d32ca7a6bf58ac449ef6e5991b"}
,"C:\\Users\\jagdish10668\\reactproject\\newipf\\src\\components\\Autocomplete\\Autocomplete.js": {"path":"C:\\Users\\jagdish10668\\reactproject\\newipf\\src\\components\\Autocomplete\\Autocomplete.js","statementMap":{"0":{"start":{"line":7,"column":21},"end":{"line":97,"column":1}},"1":{"start":{"line":8,"column":21},"end":{"line":8,"column":34}},"2":{"start":{"line":9,"column":52},"end":{"line":9,"column":63}},"3":{"start":{"line":10,"column":57},"end":{"line":10,"column":69}},"4":{"start":{"line":11,"column":42},"end":{"line":11,"column":54}},"5":{"start":{"line":12,"column":50},"end":{"line":12,"column":64}},"6":{"start":{"line":13,"column":38},"end":{"line":13,"column":50}},"7":{"start":{"line":15,"column":29},"end":{"line":18,"column":7}},"8":{"start":{"line":15,"column":53},"end":{"line":18,"column":5}},"9":{"start":{"line":21,"column":4},"end":{"line":28,"column":24}},"10":{"start":{"line":23,"column":6},"end":{"line":27,"column":7}},"11":{"start":{"line":25,"column":8},"end":{"line":25,"column":38}},"12":{"start":{"line":26,"column":8},"end":{"line":26,"column":45}},"13":{"start":{"line":31,"column":20},"end":{"line":41,"column":1}},"14":{"start":{"line":32,"column":22},"end":{"line":32,"column":50}},"15":{"start":{"line":33,"column":4},"end":{"line":39,"column":5}},"16":{"start":{"line":34,"column":7},"end":{"line":34,"column":44}},"17":{"start":{"line":35,"column":8},"end":{"line":35,"column":31}},"18":{"start":{"line":36,"column":8},"end":{"line":36,"column":40}},"19":{"start":{"line":37,"column":8},"end":{"line":37,"column":33}},"20":{"start":{"line":40,"column":4},"end":{"line":40,"column":40}},"21":{"start":{"line":43,"column":16},"end":{"line":50,"column":1}},"22":{"start":{"line":44,"column":4},"end":{"line":44,"column":27}},"23":{"start":{"line":45,"column":4},"end":{"line":45,"column":30}},"24":{"start":{"line":46,"column":4},"end":{"line":46,"column":30}},"25":{"start":{"line":47,"column":4},"end":{"line":47,"column":35}},"26":{"start":{"line":48,"column":4},"end":{"line":48,"column":65}},"27":{"start":{"line":49,"column":4},"end":{"line":49,"column":44}},"28":{"start":{"line":55,"column":4},"end":{"line":82,"column":5}},"29":{"start":{"line":56,"column":6},"end":{"line":81,"column":7}},"30":{"start":{"line":57,"column":8},"end":{"line":74,"column":10}},"31":{"start":{"line":63,"column":14},"end":{"line":65,"column":15}},"32":{"start":{"line":64,"column":16},"end":{"line":64,"column":48}},"33":{"start":{"line":67,"column":14},"end":{"line":71,"column":16}},"34":{"start":{"line":76,"column":8},"end":{"line":80,"column":10}},"35":{"start":{"line":85,"column":3},"end":{"line":95,"column":5}}},"fnMap":{"0":{"name":"(anonymous_0)","decl":{"start":{"line":7,"column":21},"end":{"line":7,"column":22}},"loc":{"start":{"line":7,"column":27},"end":{"line":97,"column":1}},"line":7},"1":{"name":"(anonymous_1)","decl":{"start":{"line":15,"column":41},"end":{"line":15,"column":42}},"loc":{"start":{"line":15,"column":53},"end":{"line":18,"column":5}},"line":15},"2":{"name":"(anonymous_2)","decl":{"start":{"line":21,"column":14},"end":{"line":21,"column":15}},"loc":{"start":{"line":21,"column":20},"end":{"line":28,"column":5}},"line":21},"3":{"name":"(anonymous_3)","decl":{"start":{"line":31,"column":20},"end":{"line":31,"column":21}},"loc":{"start":{"line":31,"column":25},"end":{"line":41,"column":1}},"line":31},"4":{"name":"(anonymous_4)","decl":{"start":{"line":43,"column":16},"end":{"line":43,"column":17}},"loc":{"start":{"line":43,"column":21},"end":{"line":50,"column":1}},"line":43},"5":{"name":"(anonymous_5)","decl":{"start":{"line":59,"column":37},"end":{"line":59,"column":38}},"loc":{"start":{"line":59,"column":60},"end":{"line":72,"column":13}},"line":59}},"branchMap":{"0":{"loc":{"start":{"line":23,"column":6},"end":{"line":27,"column":7}},"type":"if","locations":[{"start":{"line":23,"column":6},"end":{"line":27,"column":7}},{"start":{"line":23,"column":6},"end":{"line":27,"column":7}}],"line":23},"1":{"loc":{"start":{"line":33,"column":4},"end":{"line":39,"column":5}},"type":"if","locations":[{"start":{"line":33,"column":4},"end":{"line":39,"column":5}},{"start":{"line":33,"column":4},"end":{"line":39,"column":5}}],"line":33},"2":{"loc":{"start":{"line":55,"column":4},"end":{"line":82,"column":5}},"type":"if","locations":[{"start":{"line":55,"column":4},"end":{"line":82,"column":5}},{"start":{"line":55,"column":4},"end":{"line":82,"column":5}}],"line":55},"3":{"loc":{"start":{"line":55,"column":8},"end":{"line":55,"column":36}},"type":"binary-expr","locations":[{"start":{"line":55,"column":8},"end":{"line":55,"column":23}},{"start":{"line":55,"column":27},"end":{"line":55,"column":36}}],"line":55},"4":{"loc":{"start":{"line":56,"column":6},"end":{"line":81,"column":7}},"type":"if","locations":[{"start":{"line":56,"column":6},"end":{"line":81,"column":7}},{"start":{"line":56,"column":6},"end":{"line":81,"column":7}}],"line":56},"5":{"loc":{"start":{"line":56,"column":10},"end":{"line":56,"column":58}},"type":"binary-expr","locations":[{"start":{"line":56,"column":10},"end":{"line":56,"column":36}},{"start":{"line":56,"column":40},"end":{"line":56,"column":58}}],"line":56},"6":{"loc":{"start":{"line":63,"column":14},"end":{"line":65,"column":15}},"type":"if","locations":[{"start":{"line":63,"column":14},"end":{"line":65,"column":15}},{"start":{"line":63,"column":14},"end":{"line":65,"column":15}}],"line":63}},"s":{"0":2,"1":12,"2":11,"3":11,"4":11,"5":11,"6":11,"7":11,"8":18,"9":11,"10":4,"11":4,"12":4,"13":11,"14":1,"15":1,"16":1,"17":1,"18":1,"19":1,"20":1,"21":11,"22":1,"23":1,"24":1,"25":1,"26":1,"27":1,"28":11,"29":3,"30":1,"31":100,"32":1,"33":100,"34":2,"35":11},"f":{"0":12,"1":18,"2":4,"3":1,"4":1,"5":100},"b":{"0":[4,0],"1":[1,0],"2":[3,8],"3":[11,9],"4":[1,2],"5":[3,1],"6":[1,99]},"_coverageSchema":"332fd63041d2c1bcb487cc26dd0d5f7d97098a6c","hash":"2300ac7a9e883fab8ce112b03af60ce179bf216d"}
,"C:\\Users\\jagdish10668\\reactproject\\newipf\\src\\components\\Banner\\Banner.js": {"path":"C:\\Users\\jagdish10668\\reactproject\\newipf\\src\\components\\Banner\\Banner.js","statementMap":{"0":{"start":{"line":5,"column":4},"end":{"line":7,"column":5}}},"fnMap":{"0":{"name":"Banner","decl":{"start":{"line":4,"column":24},"end":{"line":4,"column":30}},"loc":{"start":{"line":4,"column":33},"end":{"line":8,"column":1}},"line":4}},"branchMap":{},"s":{"0":1},"f":{"0":1},"b":{},"_coverageSchema":"332fd63041d2c1bcb487cc26dd0d5f7d97098a6c","hash":"664a906dec573186b6aac9059704c2fd50800dfb"}
,"C:\\Users\\jagdish10668\\reactproject\\newipf\\src\\components\\Header\\Header.js": {"path":"C:\\Users\\jagdish10668\\reactproject\\newipf\\src\\components\\Header\\Header.js","statementMap":{"0":{"start":{"line":5,"column":15},"end":{"line":13,"column":1}},"1":{"start":{"line":8,"column":4},"end":{"line":12,"column":5}},"2":{"start":{"line":15,"column":0},"end":{"line":17,"column":3}}},"fnMap":{"0":{"name":"(anonymous_0)","decl":{"start":{"line":5,"column":15},"end":{"line":5,"column":16}},"loc":{"start":{"line":7,"column":6},"end":{"line":13,"column":1}},"line":7}},"branchMap":{},"s":{"0":3,"1":3,"2":3},"f":{"0":3},"b":{},"_coverageSchema":"332fd63041d2c1bcb487cc26dd0d5f7d97098a6c","hash":"6655584c10a99b3086511d4f3d1f548e2198ca26"}
,"C:\\Users\\jagdish10668\\reactproject\\newipf\\src\\components\\MapDiv\\MapDiv.js": {"path":"C:\\Users\\jagdish10668\\reactproject\\newipf\\src\\components\\MapDiv\\MapDiv.js","statementMap":{"0":{"start":{"line":4,"column":15},"end":{"line":24,"column":1}},"1":{"start":{"line":6,"column":38},"end":{"line":6,"column":50}},"2":{"start":{"line":7,"column":28},"end":{"line":7,"column":40}},"3":{"start":{"line":8,"column":4},"end":{"line":11,"column":21}},"4":{"start":{"line":9,"column":8},"end":{"line":9,"column":35}},"5":{"start":{"line":10,"column":8},"end":{"line":10,"column":20}},"6":{"start":{"line":12,"column":4},"end":{"line":22,"column":5}}},"fnMap":{"0":{"name":"(anonymous_0)","decl":{"start":{"line":4,"column":15},"end":{"line":4,"column":16}},"loc":{"start":{"line":4,"column":25},"end":{"line":24,"column":1}},"line":4},"1":{"name":"(anonymous_1)","decl":{"start":{"line":8,"column":14},"end":{"line":8,"column":15}},"loc":{"start":{"line":8,"column":18},"end":{"line":11,"column":5}},"line":8}},"branchMap":{},"s":{"0":2,"1":2,"2":2,"3":2,"4":1,"5":1,"6":2},"f":{"0":2,"1":1},"b":{},"_coverageSchema":"332fd63041d2c1bcb487cc26dd0d5f7d97098a6c","hash":"9ebde3f6e5cf1c4fd01f5c7922f044541521e7a1"}
,"C:\\Users\\jagdish10668\\reactproject\\newipf\\src\\components\\Postcodes\\Postcodes.js": {"path":"C:\\Users\\jagdish10668\\reactproject\\newipf\\src\\components\\Postcodes\\Postcodes.js","statementMap":{"0":{"start":{"line":9,"column":30},"end":{"line":9,"column":42}},"1":{"start":{"line":11,"column":4},"end":{"line":20,"column":5}}},"fnMap":{"0":{"name":"Postcodes","decl":{"start":{"line":7,"column":9},"end":{"line":7,"column":18}},"loc":{"start":{"line":7,"column":21},"end":{"line":21,"column":1}},"line":7}},"branchMap":{},"s":{"0":1,"1":1},"f":{"0":1},"b":{},"_coverageSchema":"332fd63041d2c1bcb487cc26dd0d5f7d97098a6c","hash":"ecb7885d4c6e2fc23addd473880af9ef9cc53307"}
,"C:\\Users\\jagdish10668\\reactproject\\newipf\\src\\components\\PostcodesDetails\\PostcodesDetails.js": {"path":"C:\\Users\\jagdish10668\\reactproject\\newipf\\src\\components\\PostcodesDetails\\PostcodesDetails.js","statementMap":{"0":{"start":{"line":10,"column":25},"end":{"line":123,"column":1}},"1":{"start":{"line":11,"column":44},"end":{"line":11,"column":56}},"2":{"start":{"line":12,"column":58},"end":{"line":16,"column":9}},"3":{"start":{"line":12,"column":82},"end":{"line":16,"column":7}},"4":{"start":{"line":18,"column":24},"end":{"line":22,"column":5}},"5":{"start":{"line":19,"column":10},"end":{"line":20,"column":35}},"6":{"start":{"line":20,"column":14},"end":{"line":20,"column":35}},"7":{"start":{"line":21,"column":10},"end":{"line":21,"column":41}},"8":{"start":{"line":24,"column":18},"end":{"line":24,"column":32}},"9":{"start":{"line":25,"column":12},"end":{"line":25,"column":19}},"10":{"start":{"line":26,"column":9},"end":{"line":26,"column":64}},"11":{"start":{"line":27,"column":16},"end":{"line":27,"column":56}},"12":{"start":{"line":28,"column":16},"end":{"line":28,"column":42}},"13":{"start":{"line":29,"column":14},"end":{"line":29,"column":67}},"14":{"start":{"line":31,"column":17},"end":{"line":31,"column":64}},"15":{"start":{"line":33,"column":4},"end":{"line":36,"column":24}},"16":{"start":{"line":35,"column":8},"end":{"line":35,"column":40}},"17":{"start":{"line":40,"column":4},"end":{"line":122,"column":5}}},"fnMap":{"0":{"name":"(anonymous_0)","decl":{"start":{"line":10,"column":25},"end":{"line":10,"column":26}},"loc":{"start":{"line":10,"column":31},"end":{"line":123,"column":1}},"line":10},"1":{"name":"(anonymous_1)","decl":{"start":{"line":12,"column":70},"end":{"line":12,"column":71}},"loc":{"start":{"line":12,"column":82},"end":{"line":16,"column":7}},"line":12},"2":{"name":"(anonymous_2)","decl":{"start":{"line":18,"column":24},"end":{"line":18,"column":25}},"loc":{"start":{"line":18,"column":32},"end":{"line":22,"column":5}},"line":18},"3":{"name":"(anonymous_3)","decl":{"start":{"line":33,"column":14},"end":{"line":33,"column":15}},"loc":{"start":{"line":33,"column":18},"end":{"line":36,"column":5}},"line":33}},"branchMap":{"0":{"loc":{"start":{"line":19,"column":10},"end":{"line":20,"column":35}},"type":"if","locations":[{"start":{"line":19,"column":10},"end":{"line":20,"column":35}},{"start":{"line":19,"column":10},"end":{"line":20,"column":35}}],"line":19},"1":{"loc":{"start":{"line":42,"column":27},"end":{"line":42,"column":65}},"type":"binary-expr","locations":[{"start":{"line":42,"column":27},"end":{"line":42,"column":34}},{"start":{"line":42,"column":38},"end":{"line":42,"column":65}}],"line":42},"2":{"loc":{"start":{"line":44,"column":10},"end":{"line":118,"column":19}},"type":"binary-expr","locations":[{"start":{"line":44,"column":10},"end":{"line":44,"column":17}},{"start":{"line":45,"column":9},"end":{"line":118,"column":19}}],"line":44}},"s":{"0":1,"1":2,"2":2,"3":2,"4":2,"5":4,"6":0,"7":4,"8":2,"9":2,"10":2,"11":2,"12":2,"13":2,"14":2,"15":2,"16":1,"17":2},"f":{"0":2,"1":2,"2":4,"3":1},"b":{"0":[0,4],"1":[2,0],"2":[2,0]},"_coverageSchema":"332fd63041d2c1bcb487cc26dd0d5f7d97098a6c","hash":"04a1e477b649e75068242c8d50773f1b5a142740"}
,"C:\\Users\\jagdish10668\\reactproject\\newipf\\src\\config\\config.js": {"path":"C:\\Users\\jagdish10668\\reactproject\\newipf\\src\\config\\config.js","statementMap":{"0":{"start":{"line":1,"column":0},"end":{"line":3,"column":4}}},"fnMap":{},"branchMap":{},"s":{"0":3},"f":{},"b":{},"_coverageSchema":"332fd63041d2c1bcb487cc26dd0d5f7d97098a6c","hash":"3e334571f06b847213107de01d105bc9aa8fbca1"}
,"C:\\Users\\jagdish10668\\reactproject\\newipf\\src\\pages\\ErrorPage\\ErrorPage.js": {"path":"C:\\Users\\jagdish10668\\reactproject\\newipf\\src\\pages\\ErrorPage\\ErrorPage.js","statementMap":{"0":{"start":{"line":12,"column":17},"end":{"line":12,"column":39}},"1":{"start":{"line":13,"column":22},"end":{"line":13,"column":44}},"2":{"start":{"line":14,"column":20},"end":{"line":14,"column":41}},"3":{"start":{"line":15,"column":4},"end":{"line":45,"column":5}}},"fnMap":{"0":{"name":"ErrorPage","decl":{"start":{"line":11,"column":24},"end":{"line":11,"column":33}},"loc":{"start":{"line":11,"column":36},"end":{"line":46,"column":1}},"line":11}},"branchMap":{},"s":{"0":1,"1":1,"2":1,"3":1},"f":{"0":1},"b":{},"_coverageSchema":"332fd63041d2c1bcb487cc26dd0d5f7d97098a6c","hash":"82256985f3935a178c88300ca142ec4f01e0fe32"}
,"C:\\Users\\jagdish10668\\reactproject\\newipf\\src\\pages\\PageNotFoundPage\\PageNotFoundPage.js": {"path":"C:\\Users\\jagdish10668\\reactproject\\newipf\\src\\pages\\PageNotFoundPage\\PageNotFoundPage.js","statementMap":{"0":{"start":{"line":9,"column":25},"end":{"line":44,"column":1}},"1":{"start":{"line":10,"column":16},"end":{"line":10,"column":32}},"2":{"start":{"line":11,"column":22},"end":{"line":11,"column":63}},"3":{"start":{"line":12,"column":20},"end":{"line":12,"column":31}},"4":{"start":{"line":13,"column":4},"end":{"line":43,"column":5}}},"fnMap":{"0":{"name":"(anonymous_0)","decl":{"start":{"line":9,"column":25},"end":{"line":9,"column":26}},"loc":{"start":{"line":9,"column":31},"end":{"line":44,"column":1}},"line":9}},"branchMap":{},"s":{"0":2,"1":1,"2":1,"3":1,"4":1},"f":{"0":1},"b":{},"_coverageSchema":"332fd63041d2c1bcb487cc26dd0d5f7d97098a6c","hash":"a2ccde0724577ec6c0eab3d3a7c34e26375822e2"}
,"C:\\Users\\jagdish10668\\reactproject\\newipf\\src\\pages\\PostcodesPage\\PostcodesPage.js": {"path":"C:\\Users\\jagdish10668\\reactproject\\newipf\\src\\pages\\PostcodesPage\\PostcodesPage.js","statementMap":{"0":{"start":{"line":6,"column":4},"end":{"line":12,"column":5}}},"fnMap":{"0":{"name":"PostcodesPage","decl":{"start":{"line":5,"column":24},"end":{"line":5,"column":37}},"loc":{"start":{"line":5,"column":40},"end":{"line":13,"column":1}},"line":5}},"branchMap":{},"s":{"0":1},"f":{"0":1},"b":{},"_coverageSchema":"332fd63041d2c1bcb487cc26dd0d5f7d97098a6c","hash":"4330a56acb43bf55e298024ea7a7a65d274a24e2"}
,"C:\\Users\\jagdish10668\\reactproject\\newipf\\src\\store\\index.js": {"path":"C:\\Users\\jagdish10668\\reactproject\\newipf\\src\\store\\index.js","statementMap":{},"fnMap":{},"branchMap":{},"s":{},"f":{},"b":{},"_coverageSchema":"332fd63041d2c1bcb487cc26dd0d5f7d97098a6c","hash":"a2dd5e4465dbabd02c962d8796410f9f1aaf525c"}
,"C:\\Users\\jagdish10668\\reactproject\\newipf\\src\\store\\store.js": {"path":"C:\\Users\\jagdish10668\\reactproject\\newipf\\src\\store\\store.js","statementMap":{"0":{"start":{"line":6,"column":2},"end":{"line":10,"column":13}},"1":{"start":{"line":14,"column":17},"end":{"line":17,"column":1}},"2":{"start":{"line":18,"column":14},"end":{"line":18,"column":48}}},"fnMap":{},"branchMap":{"0":{"loc":{"start":{"line":6,"column":2},"end":{"line":10,"column":13}},"type":"cond-expr","locations":[{"start":{"line":7,"column":6},"end":{"line":9,"column":8}},{"start":{"line":10,"column":6},"end":{"line":10,"column":13}}],"line":6},"1":{"loc":{"start":{"line":6,"column":2},"end":{"line":6,"column":75}},"type":"binary-expr","locations":[{"start":{"line":6,"column":2},"end":{"line":6,"column":28}},{"start":{"line":6,"column":32},"end":{"line":6,"column":75}}],"line":6}},"s":{"0":3,"1":3,"2":3},"f":{},"b":{"0":[0,3],"1":[3,3]},"_coverageSchema":"332fd63041d2c1bcb487cc26dd0d5f7d97098a6c","hash":"d5e09071cbf400ae80dfa60d5215fe3636929c0b"}
,"C:\\Users\\jagdish10668\\reactproject\\newipf\\src\\store\\actions\\action-type.js": {"path":"C:\\Users\\jagdish10668\\reactproject\\newipf\\src\\store\\actions\\action-type.js","statementMap":{"0":{"start":{"line":1,"column":40},"end":{"line":1,"column":66}},"1":{"start":{"line":2,"column":40},"end":{"line":2,"column":66}},"2":{"start":{"line":3,"column":38},"end":{"line":3,"column":62}},"3":{"start":{"line":4,"column":41},"end":{"line":4,"column":68}},"4":{"start":{"line":5,"column":41},"end":{"line":5,"column":68}},"5":{"start":{"line":6,"column":39},"end":{"line":6,"column":64}},"6":{"start":{"line":7,"column":37},"end":{"line":7,"column":60}}},"fnMap":{},"branchMap":{},"s":{"0":7,"1":7,"2":7,"3":7,"4":7,"5":7,"6":7},"f":{},"b":{},"_coverageSchema":"332fd63041d2c1bcb487cc26dd0d5f7d97098a6c","hash":"6c1620fc4b27042d1edd9909c90942716c1c158c"}
,"C:\\Users\\jagdish10668\\reactproject\\newipf\\src\\store\\actions\\dashboard-actions.js": {"path":"C:\\Users\\jagdish10668\\reactproject\\newipf\\src\\store\\actions\\dashboard-actions.js","statementMap":{"0":{"start":{"line":3,"column":32},"end":{"line":6,"column":1}},"1":{"start":{"line":4,"column":15},"end":{"line":4,"column":36}},"2":{"start":{"line":5,"column":2},"end":{"line":5,"column":30}},"3":{"start":{"line":8,"column":31},"end":{"line":12,"column":1}},"4":{"start":{"line":9,"column":2},"end":{"line":11,"column":4}},"5":{"start":{"line":10,"column":4},"end":{"line":10,"column":43}}},"fnMap":{"0":{"name":"(anonymous_0)","decl":{"start":{"line":3,"column":32},"end":{"line":3,"column":33}},"loc":{"start":{"line":3,"column":46},"end":{"line":6,"column":1}},"line":3},"1":{"name":"(anonymous_1)","decl":{"start":{"line":8,"column":31},"end":{"line":8,"column":32}},"loc":{"start":{"line":8,"column":45},"end":{"line":12,"column":1}},"line":8},"2":{"name":"(anonymous_2)","decl":{"start":{"line":9,"column":9},"end":{"line":9,"column":10}},"loc":{"start":{"line":9,"column":21},"end":{"line":11,"column":3}},"line":9}},"branchMap":{},"s":{"0":3,"1":4,"2":4,"3":3,"4":3,"5":3},"f":{"0":4,"1":3,"2":3},"b":{},"_coverageSchema":"332fd63041d2c1bcb487cc26dd0d5f7d97098a6c","hash":"46bf7a712f6c4775f4db1565dbd1d5e2d7fe1750"}
,"C:\\Users\\jagdish10668\\reactproject\\newipf\\src\\store\\actions\\index.js": {"path":"C:\\Users\\jagdish10668\\reactproject\\newipf\\src\\store\\actions\\index.js","statementMap":{},"fnMap":{},"branchMap":{},"s":{},"f":{},"b":{},"_coverageSchema":"332fd63041d2c1bcb487cc26dd0d5f7d97098a6c","hash":"c4e13da9b19fe080ea200564d4404d49bdcffafc"}
,"C:\\Users\\jagdish10668\\reactproject\\newipf\\src\\store\\actions\\postcodes-actions.js": {"path":"C:\\Users\\jagdish10668\\reactproject\\newipf\\src\\store\\actions\\postcodes-actions.js","statementMap":{"0":{"start":{"line":12,"column":34},"end":{"line":35,"column":3}},"1":{"start":{"line":14,"column":4},"end":{"line":34,"column":6}},"2":{"start":{"line":15,"column":6},"end":{"line":15,"column":35}},"3":{"start":{"line":16,"column":24},"end":{"line":16,"column":28}},"4":{"start":{"line":17,"column":6},"end":{"line":19,"column":7}},"5":{"start":{"line":18,"column":8},"end":{"line":18,"column":29}},"6":{"start":{"line":21,"column":26},"end":{"line":21,"column":77}},"7":{"start":{"line":23,"column":8},"end":{"line":31,"column":15}},"8":{"start":{"line":26,"column":17},"end":{"line":26,"column":54}},"9":{"start":{"line":30,"column":16},"end":{"line":30,"column":46}},"10":{"start":{"line":37,"column":34},"end":{"line":41,"column":3}},"11":{"start":{"line":38,"column":4},"end":{"line":40,"column":6}},"12":{"start":{"line":43,"column":34},"end":{"line":48,"column":3}},"13":{"start":{"line":44,"column":4},"end":{"line":47,"column":6}},"14":{"start":{"line":50,"column":32},"end":{"line":55,"column":3}},"15":{"start":{"line":51,"column":4},"end":{"line":54,"column":6}},"16":{"start":{"line":58,"column":41},"end":{"line":80,"column":3}},"17":{"start":{"line":60,"column":4},"end":{"line":79,"column":6}},"18":{"start":{"line":61,"column":6},"end":{"line":61,"column":42}},"19":{"start":{"line":62,"column":24},"end":{"line":62,"column":28}},"20":{"start":{"line":63,"column":6},"end":{"line":65,"column":7}},"21":{"start":{"line":64,"column":8},"end":{"line":64,"column":31}},"22":{"start":{"line":67,"column":26},"end":{"line":67,"column":52}},"23":{"start":{"line":69,"column":8},"end":{"line":76,"column":15}},"24":{"start":{"line":72,"column":16},"end":{"line":72,"column":60}},"25":{"start":{"line":75,"column":16},"end":{"line":75,"column":53}},"26":{"start":{"line":82,"column":41},"end":{"line":86,"column":3}},"27":{"start":{"line":83,"column":4},"end":{"line":85,"column":6}},"28":{"start":{"line":88,"column":41},"end":{"line":93,"column":3}},"29":{"start":{"line":89,"column":4},"end":{"line":92,"column":6}},"30":{"start":{"line":95,"column":39},"end":{"line":100,"column":3}},"31":{"start":{"line":96,"column":4},"end":{"line":99,"column":6}}},"fnMap":{"0":{"name":"(anonymous_0)","decl":{"start":{"line":12,"column":34},"end":{"line":12,"column":35}},"loc":{"start":{"line":12,"column":46},"end":{"line":35,"column":3}},"line":12},"1":{"name":"(anonymous_1)","decl":{"start":{"line":14,"column":11},"end":{"line":14,"column":12}},"loc":{"start":{"line":14,"column":25},"end":{"line":34,"column":5}},"line":14},"2":{"name":"(anonymous_2)","decl":{"start":{"line":25,"column":18},"end":{"line":25,"column":19}},"loc":{"start":{"line":25,"column":32},"end":{"line":28,"column":13}},"line":25},"3":{"name":"(anonymous_3)","decl":{"start":{"line":29,"column":19},"end":{"line":29,"column":20}},"loc":{"start":{"line":29,"column":28},"end":{"line":31,"column":13}},"line":29},"4":{"name":"(anonymous_4)","decl":{"start":{"line":37,"column":34},"end":{"line":37,"column":35}},"loc":{"start":{"line":37,"column":40},"end":{"line":41,"column":3}},"line":37},"5":{"name":"(anonymous_5)","decl":{"start":{"line":43,"column":34},"end":{"line":43,"column":35}},"loc":{"start":{"line":43,"column":47},"end":{"line":48,"column":3}},"line":43},"6":{"name":"(anonymous_6)","decl":{"start":{"line":50,"column":32},"end":{"line":50,"column":33}},"loc":{"start":{"line":50,"column":43},"end":{"line":55,"column":3}},"line":50},"7":{"name":"(anonymous_7)","decl":{"start":{"line":58,"column":41},"end":{"line":58,"column":42}},"loc":{"start":{"line":58,"column":55},"end":{"line":80,"column":3}},"line":58},"8":{"name":"(anonymous_8)","decl":{"start":{"line":60,"column":11},"end":{"line":60,"column":12}},"loc":{"start":{"line":60,"column":25},"end":{"line":79,"column":5}},"line":60},"9":{"name":"(anonymous_9)","decl":{"start":{"line":71,"column":18},"end":{"line":71,"column":19}},"loc":{"start":{"line":71,"column":32},"end":{"line":73,"column":13}},"line":71},"10":{"name":"(anonymous_10)","decl":{"start":{"line":74,"column":19},"end":{"line":74,"column":20}},"loc":{"start":{"line":74,"column":28},"end":{"line":76,"column":13}},"line":74},"11":{"name":"(anonymous_11)","decl":{"start":{"line":82,"column":41},"end":{"line":82,"column":42}},"loc":{"start":{"line":82,"column":47},"end":{"line":86,"column":3}},"line":82},"12":{"name":"(anonymous_12)","decl":{"start":{"line":88,"column":41},"end":{"line":88,"column":42}},"loc":{"start":{"line":88,"column":54},"end":{"line":93,"column":3}},"line":88},"13":{"name":"(anonymous_13)","decl":{"start":{"line":95,"column":39},"end":{"line":95,"column":40}},"loc":{"start":{"line":95,"column":50},"end":{"line":100,"column":3}},"line":95}},"branchMap":{"0":{"loc":{"start":{"line":17,"column":6},"end":{"line":19,"column":7}},"type":"if","locations":[{"start":{"line":17,"column":6},"end":{"line":19,"column":7}},{"start":{"line":17,"column":6},"end":{"line":19,"column":7}}],"line":17},"1":{"loc":{"start":{"line":63,"column":6},"end":{"line":65,"column":7}},"type":"if","locations":[{"start":{"line":63,"column":6},"end":{"line":65,"column":7}},{"start":{"line":63,"column":6},"end":{"line":65,"column":7}}],"line":63}},"s":{"0":3,"1":3,"2":3,"3":3,"4":3,"5":3,"6":3,"7":3,"8":3,"9":1,"10":3,"11":3,"12":3,"13":3,"14":3,"15":1,"16":3,"17":3,"18":3,"19":3,"20":3,"21":3,"22":3,"23":3,"24":3,"25":1,"26":3,"27":3,"28":3,"29":3,"30":3,"31":1},"f":{"0":3,"1":3,"2":3,"3":1,"4":3,"5":3,"6":1,"7":3,"8":3,"9":3,"10":1,"11":3,"12":3,"13":1},"b":{"0":[3,0],"1":[3,0]},"_coverageSchema":"332fd63041d2c1bcb487cc26dd0d5f7d97098a6c","hash":"b876f5b2fe3a78f272006d385e8b449e980ef9ff"}
,"C:\\Users\\jagdish10668\\reactproject\\newipf\\src\\store\\reducers\\dashboard-reducer.js": {"path":"C:\\Users\\jagdish10668\\reactproject\\newipf\\src\\store\\reducers\\dashboard-reducer.js","statementMap":{"0":{"start":{"line":3,"column":21},"end":{"line":5,"column":1}},"1":{"start":{"line":7,"column":26},"end":{"line":17,"column":1}},"2":{"start":{"line":8,"column":2},"end":{"line":16,"column":3}},"3":{"start":{"line":10,"column":6},"end":{"line":13,"column":8}},"4":{"start":{"line":15,"column":6},"end":{"line":15,"column":19}}},"fnMap":{"0":{"name":"(anonymous_0)","decl":{"start":{"line":7,"column":26},"end":{"line":7,"column":27}},"loc":{"start":{"line":7,"column":60},"end":{"line":17,"column":1}},"line":7}},"branchMap":{"0":{"loc":{"start":{"line":7,"column":27},"end":{"line":7,"column":47}},"type":"default-arg","locations":[{"start":{"line":7,"column":35},"end":{"line":7,"column":47}}],"line":7},"1":{"loc":{"start":{"line":8,"column":2},"end":{"line":16,"column":3}},"type":"switch","locations":[{"start":{"line":9,"column":4},"end":{"line":13,"column":8}},{"start":{"line":14,"column":4},"end":{"line":15,"column":19}}],"line":8}},"s":{"0":4,"1":4,"2":16,"3":3,"4":13},"f":{"0":16},"b":{"0":[9],"1":[3,13]},"_coverageSchema":"332fd63041d2c1bcb487cc26dd0d5f7d97098a6c","hash":"d8b1080c447daf9a8e79239f8b80c8bd0b1641ae"}
,"C:\\Users\\jagdish10668\\reactproject\\newipf\\src\\store\\reducers\\index.js": {"path":"C:\\Users\\jagdish10668\\reactproject\\newipf\\src\\store\\reducers\\index.js","statementMap":{},"fnMap":{},"branchMap":{},"s":{},"f":{},"b":{},"_coverageSchema":"332fd63041d2c1bcb487cc26dd0d5f7d97098a6c","hash":"61f25d01aa226cf210dcd8fa5f89e968767e27fb"}
,"C:\\Users\\jagdish10668\\reactproject\\newipf\\src\\store\\reducers\\postCodes-reducer.js": {"path":"C:\\Users\\jagdish10668\\reactproject\\newipf\\src\\store\\reducers\\postCodes-reducer.js","statementMap":{"0":{"start":{"line":10,"column":21},"end":{"line":15,"column":1}},"1":{"start":{"line":17,"column":26},"end":{"line":62,"column":5}},"2":{"start":{"line":18,"column":4},"end":{"line":61,"column":7}},"3":{"start":{"line":20,"column":10},"end":{"line":24,"column":12}},"4":{"start":{"line":26,"column":10},"end":{"line":30,"column":12}},"5":{"start":{"line":33,"column":10},"end":{"line":38,"column":12}},"6":{"start":{"line":40,"column":12},"end":{"line":44,"column":14}},"7":{"start":{"line":46,"column":12},"end":{"line":50,"column":14}},"8":{"start":{"line":53,"column":12},"end":{"line":58,"column":14}},"9":{"start":{"line":60,"column":10},"end":{"line":60,"column":23}}},"fnMap":{"0":{"name":"(anonymous_0)","decl":{"start":{"line":17,"column":26},"end":{"line":17,"column":27}},"loc":{"start":{"line":17,"column":60},"end":{"line":62,"column":5}},"line":17}},"branchMap":{"0":{"loc":{"start":{"line":17,"column":27},"end":{"line":17,"column":47}},"type":"default-arg","locations":[{"start":{"line":17,"column":35},"end":{"line":17,"column":47}}],"line":17},"1":{"loc":{"start":{"line":18,"column":4},"end":{"line":61,"column":7}},"type":"switch","locations":[{"start":{"line":19,"column":8},"end":{"line":24,"column":12}},{"start":{"line":25,"column":8},"end":{"line":30,"column":12}},{"start":{"line":32,"column":8},"end":{"line":38,"column":12}},{"start":{"line":39,"column":8},"end":{"line":44,"column":14}},{"start":{"line":45,"column":8},"end":{"line":50,"column":14}},{"start":{"line":52,"column":8},"end":{"line":58,"column":14}},{"start":{"line":59,"column":8},"end":{"line":60,"column":23}}],"line":18}},"s":{"0":4,"1":4,"2":21,"3":2,"4":2,"5":1,"6":2,"7":2,"8":1,"9":11},"f":{"0":21},"b":{"0":[9],"1":[2,2,1,2,2,1,11]},"_coverageSchema":"332fd63041d2c1bcb487cc26dd0d5f7d97098a6c","hash":"06485798f377d9f39d2a7734bc00fcb0114668fb"}
,"C:\\Users\\jagdish10668\\reactproject\\newipf\\src\\store\\services\\index.js": {"path":"C:\\Users\\jagdish10668\\reactproject\\newipf\\src\\store\\services\\index.js","statementMap":{},"fnMap":{},"branchMap":{},"s":{},"f":{},"b":{},"_coverageSchema":"332fd63041d2c1bcb487cc26dd0d5f7d97098a6c","hash":"b21fa1bffdc921f2f4cd2817f31c705da22cd460"}
,"C:\\Users\\jagdish10668\\reactproject\\newipf\\src\\store\\services\\ipf-Service.js": {"path":"C:\\Users\\jagdish10668\\reactproject\\newipf\\src\\store\\services\\ipf-Service.js","statementMap":{"0":{"start":{"line":3,"column":26},"end":{"line":5,"column":1}},"1":{"start":{"line":8,"column":2},"end":{"line":14,"column":7}},"2":{"start":{"line":11,"column":6},"end":{"line":11,"column":22}},"3":{"start":{"line":13,"column":6},"end":{"line":13,"column":17}},"4":{"start":{"line":18,"column":16},"end":{"line":18,"column":18}},"5":{"start":{"line":19,"column":2},"end":{"line":21,"column":4}},"6":{"start":{"line":22,"column":2},"end":{"line":22,"column":17}}},"fnMap":{"0":{"name":"get","decl":{"start":{"line":7,"column":9},"end":{"line":7,"column":12}},"loc":{"start":{"line":7,"column":26},"end":{"line":15,"column":1}},"line":7},"1":{"name":"(anonymous_1)","decl":{"start":{"line":10,"column":10},"end":{"line":10,"column":11}},"loc":{"start":{"line":10,"column":24},"end":{"line":12,"column":5}},"line":10},"2":{"name":"(anonymous_2)","decl":{"start":{"line":12,"column":13},"end":{"line":12,"column":14}},"loc":{"start":{"line":12,"column":22},"end":{"line":14,"column":5}},"line":12},"3":{"name":"getOptions","decl":{"start":{"line":17,"column":9},"end":{"line":17,"column":19}},"loc":{"start":{"line":17,"column":22},"end":{"line":23,"column":1}},"line":17}},"branchMap":{},"s":{"0":3,"1":6,"2":6,"3":0,"4":6,"5":6,"6":6},"f":{"0":6,"1":6,"2":0,"3":6},"b":{},"_coverageSchema":"332fd63041d2c1bcb487cc26dd0d5f7d97098a6c","hash":"9b4e8a897086209be340095b47c04b3b344942f6"}
,"C:\\Users\\jagdish10668\\reactproject\\newipf\\src\\utils\\Utils.js": {"path":"C:\\Users\\jagdish10668\\reactproject\\newipf\\src\\utils\\Utils.js","statementMap":{"0":{"start":{"line":1,"column":21},"end":{"line":12,"column":3}},"1":{"start":{"line":3,"column":17},"end":{"line":3,"column":38}},"2":{"start":{"line":5,"column":17},"end":{"line":10,"column":5}},"3":{"start":{"line":11,"column":4},"end":{"line":11,"column":18}},"4":{"start":{"line":15,"column":28},"end":{"line":32,"column":3}},"5":{"start":{"line":16,"column":15},"end":{"line":16,"column":22}},"6":{"start":{"line":17,"column":16},"end":{"line":17,"column":32}},"7":{"start":{"line":18,"column":14},"end":{"line":18,"column":23}},"8":{"start":{"line":19,"column":4},"end":{"line":19,"column":25}},"9":{"start":{"line":20,"column":4},"end":{"line":20,"column":27}},"10":{"start":{"line":23,"column":22},"end":{"line":23,"column":108}},"11":{"start":{"line":25,"column":23},"end":{"line":25,"column":111}},"12":{"start":{"line":28,"column":4},"end":{"line":31,"column":6}}},"fnMap":{"0":{"name":"(anonymous_0)","decl":{"start":{"line":1,"column":21},"end":{"line":1,"column":22}},"loc":{"start":{"line":1,"column":36},"end":{"line":12,"column":3}},"line":1},"1":{"name":"(anonymous_1)","decl":{"start":{"line":15,"column":28},"end":{"line":15,"column":29}},"loc":{"start":{"line":15,"column":43},"end":{"line":32,"column":3}},"line":15}},"branchMap":{},"s":{"0":1,"1":2,"2":2,"3":2,"4":1,"5":2,"6":2,"7":2,"8":2,"9":2,"10":2,"11":2,"12":2},"f":{"0":2,"1":2},"b":{},"_coverageSchema":"332fd63041d2c1bcb487cc26dd0d5f7d97098a6c","hash":"154abae74d7d1b92f95393b90389de74b9588392"}
}
