TN:
SF:C:\Users\jagdish10668\reactproject\newipf\src\App.js
FN:10,App
FNF:1
FNH:1
FNDA:1,App
DA:11,1
LF:1
LH:1
BRF:0
BRH:0
end_of_record
TN:
SF:C:\Users\jagdish10668\reactproject\newipf\src\PublicRoutes.js
FN:11,(anonymous_0)
FNF:1
FNH:1
FNDA:1,(anonymous_0)
DA:11,1
DA:12,1
LF:2
LH:2
BRF:0
BRH:0
end_of_record
TN:
SF:C:\Users\jagdish10668\reactproject\newipf\src\index.js
FNF:0
FNH:0
DA:1,0
DA:2,0
DA:3,0
DA:4,0
DA:5,0
DA:6,0
DA:8,0
DA:9,0
DA:19,0
LF:9
LH:0
BRDA:8,0,0,0
BRDA:8,0,1,0
BRF:2
BRH:0
end_of_record
TN:
SF:C:\Users\jagdish10668\reactproject\newipf\src\reportWebVitals.js
FN:1,(anonymous_3)
FN:3,(anonymous_4)
FN:3,(anonymous_5)
FNF:3
FNH:0
FNDA:0,(anonymous_3)
FNDA:0,(anonymous_4)
FNDA:0,(anonymous_5)
DA:1,0
DA:2,0
DA:3,0
DA:4,0
DA:5,0
DA:6,0
DA:7,0
DA:8,0
LF:8
LH:0
BRDA:2,0,0,0
BRDA:2,0,1,0
BRDA:2,1,0,0
BRDA:2,1,1,0
BRF:4
BRH:0
end_of_record
TN:
SF:C:\Users\jagdish10668\reactproject\newipf\src\setupTests.js
FNF:0
FNH:0
LF:0
LH:0
BRF:0
BRH:0
end_of_record
TN:
SF:C:\Users\jagdish10668\reactproject\newipf\src\HOC\CheckRequests.js
FN:6,(anonymous_0)
FN:8,CheckRequests
FN:11,(anonymous_2)
FN:12,(anonymous_3)
FN:14,(anonymous_4)
FNF:5
FNH:3
FNDA:1,(anonymous_0)
FNDA:1,CheckRequests
FNDA:1,(anonymous_2)
FNDA:0,(anonymous_3)
FNDA:0,(anonymous_4)
DA:6,1
DA:10,1
DA:11,1
DA:12,1
DA:13,0
DA:15,0
DA:16,0
DA:18,0
DA:19,0
DA:21,0
DA:22,0
DA:24,0
DA:25,0
DA:27,0
DA:28,0
DA:30,0
DA:31,0
DA:33,0
DA:37,0
DA:41,1
DA:45,1
LF:21
LH:6
BRDA:16,0,0,0
BRDA:16,0,1,0
BRDA:16,0,2,0
BRDA:16,0,3,0
BRDA:16,0,4,0
BRDA:16,0,5,0
BRF:6
BRH:0
end_of_record
TN:
SF:C:\Users\jagdish10668\reactproject\newipf\src\components\AddInput\AddInput.js
FN:6,(anonymous_0)
FNF:1
FNH:1
FNDA:1,(anonymous_0)
DA:6,1
DA:7,1
LF:2
LH:2
BRF:0
BRH:0
end_of_record
TN:
SF:C:\Users\jagdish10668\reactproject\newipf\src\components\Autocomplete\Autocomplete.js
FN:7,(anonymous_0)
FN:15,(anonymous_1)
FN:21,(anonymous_2)
FN:31,(anonymous_3)
FN:43,(anonymous_4)
FN:59,(anonymous_5)
FNF:6
FNH:6
FNDA:12,(anonymous_0)
FNDA:18,(anonymous_1)
FNDA:4,(anonymous_2)
FNDA:1,(anonymous_3)
FNDA:1,(anonymous_4)
FNDA:100,(anonymous_5)
DA:7,2
DA:8,12
DA:9,11
DA:10,11
DA:11,11
DA:12,11
DA:13,11
DA:15,18
DA:21,11
DA:23,4
DA:25,4
DA:26,4
DA:31,11
DA:32,1
DA:33,1
DA:34,1
DA:35,1
DA:36,1
DA:37,1
DA:40,1
DA:43,11
DA:44,1
DA:45,1
DA:46,1
DA:47,1
DA:48,1
DA:49,1
DA:55,11
DA:56,3
DA:57,1
DA:63,100
DA:64,1
DA:67,100
DA:76,2
DA:85,11
LF:35
LH:35
BRDA:23,0,0,4
BRDA:23,0,1,0
BRDA:33,1,0,1
BRDA:33,1,1,0
BRDA:55,2,0,3
BRDA:55,2,1,8
BRDA:55,3,0,11
BRDA:55,3,1,9
BRDA:56,4,0,1
BRDA:56,4,1,2
BRDA:56,5,0,3
BRDA:56,5,1,1
BRDA:63,6,0,1
BRDA:63,6,1,99
BRF:14
BRH:12
end_of_record
TN:
SF:C:\Users\jagdish10668\reactproject\newipf\src\components\Banner\Banner.js
FN:4,Banner
FNF:1
FNH:1
FNDA:1,Banner
DA:5,1
LF:1
LH:1
BRF:0
BRH:0
end_of_record
TN:
SF:C:\Users\jagdish10668\reactproject\newipf\src\components\Header\Header.js
FN:5,(anonymous_0)
FNF:1
FNH:1
FNDA:3,(anonymous_0)
DA:5,3
DA:8,3
DA:15,3
LF:3
LH:3
BRF:0
BRH:0
end_of_record
TN:
SF:C:\Users\jagdish10668\reactproject\newipf\src\components\MapDiv\MapDiv.js
FN:4,(anonymous_0)
FN:8,(anonymous_1)
FNF:2
FNH:2
FNDA:2,(anonymous_0)
FNDA:1,(anonymous_1)
DA:4,2
DA:6,2
DA:7,2
DA:8,2
DA:9,1
DA:10,1
DA:12,2
LF:7
LH:7
BRF:0
BRH:0
end_of_record
TN:
SF:C:\Users\jagdish10668\reactproject\newipf\src\components\Postcodes\Postcodes.js
FN:7,Postcodes
FNF:1
FNH:1
FNDA:1,Postcodes
DA:9,1
DA:11,1
LF:2
LH:2
BRF:0
BRH:0
end_of_record
TN:
SF:C:\Users\jagdish10668\reactproject\newipf\src\components\PostcodesDetails\PostcodesDetails.js
FN:10,(anonymous_0)
FN:12,(anonymous_1)
FN:18,(anonymous_2)
FN:33,(anonymous_3)
FNF:4
FNH:4
FNDA:2,(anonymous_0)
FNDA:2,(anonymous_1)
FNDA:4,(anonymous_2)
FNDA:1,(anonymous_3)
DA:10,1
DA:11,2
DA:12,2
DA:18,2
DA:19,4
DA:20,0
DA:21,4
DA:24,2
DA:25,2
DA:26,2
DA:27,2
DA:28,2
DA:29,2
DA:31,2
DA:33,2
DA:35,1
DA:40,2
LF:17
LH:16
BRDA:19,0,0,0
BRDA:19,0,1,4
BRDA:42,1,0,2
BRDA:42,1,1,0
BRDA:44,2,0,2
BRDA:44,2,1,0
BRF:6
BRH:3
end_of_record
TN:
SF:C:\Users\jagdish10668\reactproject\newipf\src\config\config.js
FNF:0
FNH:0
DA:1,3
LF:1
LH:1
BRF:0
BRH:0
end_of_record
TN:
SF:C:\Users\jagdish10668\reactproject\newipf\src\pages\ErrorPage\ErrorPage.js
FN:11,ErrorPage
FNF:1
FNH:1
FNDA:1,ErrorPage
DA:12,1
DA:13,1
DA:14,1
DA:15,1
LF:4
LH:4
BRF:0
BRH:0
end_of_record
TN:
SF:C:\Users\jagdish10668\reactproject\newipf\src\pages\PageNotFoundPage\PageNotFoundPage.js
FN:9,(anonymous_0)
FNF:1
FNH:1
FNDA:1,(anonymous_0)
DA:9,2
DA:10,1
DA:11,1
DA:12,1
DA:13,1
LF:5
LH:5
BRF:0
BRH:0
end_of_record
TN:
SF:C:\Users\jagdish10668\reactproject\newipf\src\pages\PostcodesPage\PostcodesPage.js
FN:5,PostcodesPage
FNF:1
FNH:1
FNDA:1,PostcodesPage
DA:6,1
LF:1
LH:1
BRF:0
BRH:0
end_of_record
TN:
SF:C:\Users\jagdish10668\reactproject\newipf\src\store\index.js
FNF:0
FNH:0
LF:0
LH:0
BRF:0
BRH:0
end_of_record
TN:
SF:C:\Users\jagdish10668\reactproject\newipf\src\store\store.js
FNF:0
FNH:0
DA:6,3
DA:14,3
DA:18,3
LF:3
LH:3
BRDA:6,0,0,0
BRDA:6,0,1,3
BRDA:6,1,0,3
BRDA:6,1,1,3
BRF:4
BRH:3
end_of_record
TN:
SF:C:\Users\jagdish10668\reactproject\newipf\src\store\actions\action-type.js
FNF:0
FNH:0
DA:1,7
DA:2,7
DA:3,7
DA:4,7
DA:5,7
DA:6,7
DA:7,7
LF:7
LH:7
BRF:0
BRH:0
end_of_record
TN:
SF:C:\Users\jagdish10668\reactproject\newipf\src\store\actions\dashboard-actions.js
FN:3,(anonymous_0)
FN:8,(anonymous_1)
FN:9,(anonymous_2)
FNF:3
FNH:3
FNDA:4,(anonymous_0)
FNDA:3,(anonymous_1)
FNDA:3,(anonymous_2)
DA:3,3
DA:4,4
DA:5,4
DA:8,3
DA:9,3
DA:10,3
LF:6
LH:6
BRF:0
BRH:0
end_of_record
TN:
SF:C:\Users\jagdish10668\reactproject\newipf\src\store\actions\index.js
FNF:0
FNH:0
LF:0
LH:0
BRF:0
BRH:0
end_of_record
TN:
SF:C:\Users\jagdish10668\reactproject\newipf\src\store\actions\postcodes-actions.js
FN:12,(anonymous_0)
FN:14,(anonymous_1)
FN:25,(anonymous_2)
FN:29,(anonymous_3)
FN:37,(anonymous_4)
FN:43,(anonymous_5)
FN:50,(anonymous_6)
FN:58,(anonymous_7)
FN:60,(anonymous_8)
FN:71,(anonymous_9)
FN:74,(anonymous_10)
FN:82,(anonymous_11)
FN:88,(anonymous_12)
FN:95,(anonymous_13)
FNF:14
FNH:14
FNDA:3,(anonymous_0)
FNDA:3,(anonymous_1)
FNDA:3,(anonymous_2)
FNDA:1,(anonymous_3)
FNDA:3,(anonymous_4)
FNDA:3,(anonymous_5)
FNDA:1,(anonymous_6)
FNDA:3,(anonymous_7)
FNDA:3,(anonymous_8)
FNDA:3,(anonymous_9)
FNDA:1,(anonymous_10)
FNDA:3,(anonymous_11)
FNDA:3,(anonymous_12)
FNDA:1,(anonymous_13)
DA:12,3
DA:14,3
DA:15,3
DA:16,3
DA:17,3
DA:18,3
DA:21,3
DA:23,3
DA:26,3
DA:30,1
DA:37,3
DA:38,3
DA:43,3
DA:44,3
DA:50,3
DA:51,1
DA:58,3
DA:60,3
DA:61,3
DA:62,3
DA:63,3
DA:64,3
DA:67,3
DA:69,3
DA:72,3
DA:75,1
DA:82,3
DA:83,3
DA:88,3
DA:89,3
DA:95,3
DA:96,1
LF:32
LH:32
BRDA:17,0,0,3
BRDA:17,0,1,0
BRDA:63,1,0,3
BRDA:63,1,1,0
BRF:4
BRH:2
end_of_record
TN:
SF:C:\Users\jagdish10668\reactproject\newipf\src\store\reducers\dashboard-reducer.js
FN:7,(anonymous_0)
FNF:1
FNH:1
FNDA:16,(anonymous_0)
DA:3,4
DA:7,4
DA:8,16
DA:10,3
DA:15,13
LF:5
LH:5
BRDA:7,0,0,9
BRDA:8,1,0,3
BRDA:8,1,1,13
BRF:3
BRH:3
end_of_record
TN:
SF:C:\Users\jagdish10668\reactproject\newipf\src\store\reducers\index.js
FNF:0
FNH:0
LF:0
LH:0
BRF:0
BRH:0
end_of_record
TN:
SF:C:\Users\jagdish10668\reactproject\newipf\src\store\reducers\postCodes-reducer.js
FN:17,(anonymous_0)
FNF:1
FNH:1
FNDA:21,(anonymous_0)
DA:10,4
DA:17,4
DA:18,21
DA:20,2
DA:26,2
DA:33,1
DA:40,2
DA:46,2
DA:53,1
DA:60,11
LF:10
LH:10
BRDA:17,0,0,9
BRDA:18,1,0,2
BRDA:18,1,1,2
BRDA:18,1,2,1
BRDA:18,1,3,2
BRDA:18,1,4,2
BRDA:18,1,5,1
BRDA:18,1,6,11
BRF:8
BRH:8
end_of_record
TN:
SF:C:\Users\jagdish10668\reactproject\newipf\src\store\services\index.js
FNF:0
FNH:0
LF:0
LH:0
BRF:0
BRH:0
end_of_record
TN:
SF:C:\Users\jagdish10668\reactproject\newipf\src\store\services\ipf-Service.js
FN:7,get
FN:10,(anonymous_1)
FN:12,(anonymous_2)
FN:17,getOptions
FNF:4
FNH:3
FNDA:6,get
FNDA:6,(anonymous_1)
FNDA:0,(anonymous_2)
FNDA:6,getOptions
DA:3,3
DA:8,6
DA:11,6
DA:13,0
DA:18,6
DA:19,6
DA:22,6
LF:7
LH:6
BRF:0
BRH:0
end_of_record
TN:
SF:C:\Users\jagdish10668\reactproject\newipf\src\utils\Utils.js
FN:1,(anonymous_0)
FN:15,(anonymous_1)
FNF:2
FNH:2
FNDA:2,(anonymous_0)
FNDA:2,(anonymous_1)
DA:1,1
DA:3,2
DA:5,2
DA:11,2
DA:15,1
DA:16,2
DA:17,2
DA:18,2
DA:19,2
DA:20,2
DA:23,2
DA:25,2
DA:28,2
LF:13
LH:13
BRF:0
BRH:0
end_of_record
